  Moc'ing cvHandle.h...
  cvHandle.cpp
  main.cpp
  RollLeadSys.cpp
  moc_RollLeadSys.cpp
C:\OpenCV_\cv_3.2\opencv\build\include\opencv2/core/mat.hpp(2585): warning C4819: 该文件包含不能在当前代码页(936)中表示的字符。请将该文件保存为 Unicode 格式以防止数据丢失 (编译源文件 cvHandle.cpp)
C:\OpenCV_\cv_3.2\opencv\build\include\opencv2/core/persistence.hpp : warning C4819: 该文件包含不能在当前代码页(936)中表示的字符。请将该文件保存为 Unicode 格式以防止数据丢失 (编译源文件 cvHandle.cpp)
C:\OpenCV_\cv_3.2\opencv\build\include\opencv2/core/utility.hpp : warning C4819: 该文件包含不能在当前代码页(936)中表示的字符。请将该文件保存为 Unicode 格式以防止数据丢失 (编译源文件 cvHandle.cpp)
C:\OpenCV_\cv_3.2\opencv\build\include\opencv2/core/utility.hpp : warning C4819: 该文件包含不能在当前代码页(936)中表示的字符。请将该文件保存为 Unicode 格式以防止数据丢失 (编译源文件 cvHandle.cpp)
C:\OpenCV_\cv_3.2\opencv\build\include\opencv2/imgproc.hpp(591): warning C4819: 该文件包含不能在当前代码页(936)中表示的字符。请将该文件保存为 Unicode 格式以防止数据丢失 (编译源文件 cvHandle.cpp)
C:\OpenCV_\cv_3.2\opencv\build\include\opencv2/core/mat.hpp(2585): warning C4819: 该文件包含不能在当前代码页(936)中表示的字符。请将该文件保存为 Unicode 格式以防止数据丢失 (编译源文件 .\GeneratedFiles\Debug\moc_RollLeadSys.cpp)
C:\OpenCV_\cv_3.2\opencv\build\include\opencv2/core/mat.hpp(2585): warning C4819: 该文件包含不能在当前代码页(936)中表示的字符。请将该文件保存为 Unicode 格式以防止数据丢失 (编译源文件 main.cpp)
C:\OpenCV_\cv_3.2\opencv\build\include\opencv2/core/mat.hpp(2585): warning C4819: 该文件包含不能在当前代码页(936)中表示的字符。请将该文件保存为 Unicode 格式以防止数据丢失 (编译源文件 RollLeadSys.cpp)
C:\OpenCV_\cv_3.2\opencv\build\include\opencv2/core/persistence.hpp : warning C4819: 该文件包含不能在当前代码页(936)中表示的字符。请将该文件保存为 Unicode 格式以防止数据丢失 (编译源文件 .\GeneratedFiles\Debug\moc_RollLeadSys.cpp)
  moc_cvHandle.cpp
C:\OpenCV_\cv_3.2\opencv\build\include\opencv2/core/persistence.hpp : warning C4819: 该文件包含不能在当前代码页(936)中表示的字符。请将该文件保存为 Unicode 格式以防止数据丢失 (编译源文件 main.cpp)
C:\OpenCV_\cv_3.2\opencv\build\include\opencv2/core/persistence.hpp : warning C4819: 该文件包含不能在当前代码页(936)中表示的字符。请将该文件保存为 Unicode 格式以防止数据丢失 (编译源文件 RollLeadSys.cpp)
C:\OpenCV_\cv_3.2\opencv\build\include\opencv2/core/utility.hpp : warning C4819: 该文件包含不能在当前代码页(936)中表示的字符。请将该文件保存为 Unicode 格式以防止数据丢失 (编译源文件 .\GeneratedFiles\Debug\moc_RollLeadSys.cpp)
C:\OpenCV_\cv_3.2\opencv\build\include\opencv2/core/utility.hpp : warning C4819: 该文件包含不能在当前代码页(936)中表示的字符。请将该文件保存为 Unicode 格式以防止数据丢失 (编译源文件 main.cpp)
C:\OpenCV_\cv_3.2\opencv\build\include\opencv2/core/utility.hpp : warning C4819: 该文件包含不能在当前代码页(936)中表示的字符。请将该文件保存为 Unicode 格式以防止数据丢失 (编译源文件 .\GeneratedFiles\Debug\moc_RollLeadSys.cpp)
C:\OpenCV_\cv_3.2\opencv\build\include\opencv2/core/utility.hpp : warning C4819: 该文件包含不能在当前代码页(936)中表示的字符。请将该文件保存为 Unicode 格式以防止数据丢失 (编译源文件 main.cpp)
C:\OpenCV_\cv_3.2\opencv\build\include\opencv2/imgproc.hpp(591): warning C4819: 该文件包含不能在当前代码页(936)中表示的字符。请将该文件保存为 Unicode 格式以防止数据丢失 (编译源文件 .\GeneratedFiles\Debug\moc_RollLeadSys.cpp)
C:\OpenCV_\cv_3.2\opencv\build\include\opencv2/core/utility.hpp : warning C4819: 该文件包含不能在当前代码页(936)中表示的字符。请将该文件保存为 Unicode 格式以防止数据丢失 (编译源文件 RollLeadSys.cpp)
C:\OpenCV_\cv_3.2\opencv\build\include\opencv2/imgproc.hpp(591): warning C4819: 该文件包含不能在当前代码页(936)中表示的字符。请将该文件保存为 Unicode 格式以防止数据丢失 (编译源文件 main.cpp)
C:\OpenCV_\cv_3.2\opencv\build\include\opencv2/core/utility.hpp : warning C4819: 该文件包含不能在当前代码页(936)中表示的字符。请将该文件保存为 Unicode 格式以防止数据丢失 (编译源文件 RollLeadSys.cpp)
C:\OpenCV_\cv_3.2\opencv\build\include\opencv2/imgproc.hpp(591): warning C4819: 该文件包含不能在当前代码页(936)中表示的字符。请将该文件保存为 Unicode 格式以防止数据丢失 (编译源文件 RollLeadSys.cpp)
C:\OpenCV_\cv_3.2\opencv\build\include\opencv2/core/mat.hpp(2585): warning C4819: 该文件包含不能在当前代码页(936)中表示的字符。请将该文件保存为 Unicode 格式以防止数据丢失 (编译源文件 .\GeneratedFiles\Debug\moc_cvHandle.cpp)
C:\OpenCV_\cv_3.2\opencv\build\include\opencv2/core/persistence.hpp : warning C4819: 该文件包含不能在当前代码页(936)中表示的字符。请将该文件保存为 Unicode 格式以防止数据丢失 (编译源文件 .\GeneratedFiles\Debug\moc_cvHandle.cpp)
C:\OpenCV_\cv_3.2\opencv\build\include\opencv2/core/utility.hpp : warning C4819: 该文件包含不能在当前代码页(936)中表示的字符。请将该文件保存为 Unicode 格式以防止数据丢失 (编译源文件 .\GeneratedFiles\Debug\moc_cvHandle.cpp)
C:\OpenCV_\cv_3.2\opencv\build\include\opencv2/core/utility.hpp : warning C4819: 该文件包含不能在当前代码页(936)中表示的字符。请将该文件保存为 Unicode 格式以防止数据丢失 (编译源文件 .\GeneratedFiles\Debug\moc_cvHandle.cpp)
C:\OpenCV_\cv_3.2\opencv\build\include\opencv2/imgproc.hpp(591): warning C4819: 该文件包含不能在当前代码页(936)中表示的字符。请将该文件保存为 Unicode 格式以防止数据丢失 (编译源文件 .\GeneratedFiles\Debug\moc_cvHandle.cpp)
  RollLeadSys.vcxproj -> C:\Users\17973\Desktop\卷铅皮\QT_PRO\RollLeadSys\x64\Debug\RollLeadSys.exe
